dfgdfg-----BEGIN RSA PRIVATE KEY-----
MIICXAIBAAKBgQDTSPMc2rY9bjtWLVeCWUsx744cYEEX+LPCjzI2bmfH4vGjdPYU44BS28Ckm9Ei
r/GyyHkCZ1nu4fPqb5+NRN3Q/6QBSi76Y+1yPaYRiOK/vVEdF+xMvyku8YU/fIJgymFJbnulORiV
4ieRnTVNmYz52bHgssnItnXJAEevf8jM5wIDAQABAoGAddflSP2v0XmO/NTTTy+Qoixzvd3t0Hn1
gRmvLu7LUZCBp+KPcj0lkJFi1CzYK5monEf2PmH4piU+j05s1jVH5cuEi+4I50XbYkfDNz89CFWg
FaOIW0oAmc5C/w9nbD8SMT/qxC5yx1S6TtZ5FXMTF+S8GkB7s5h/6eom8EuxK9ECQQDtEM5CY3Ig
o/Uu5RVgapVezgMUFUma2qIov79oTy6uA/sSfzIy7N9w8coKrKANNExtlJrHPjOuwwbF9d55iBxZ
AkEA5CkEBMjh/mVQBFRBUJOfUQcC4MXz8tsOW4Zaryuyib4V6sft3U/8SO2lchus8BRxOJ/aoQHL
TlbczHouhGILPwJBAOoXnUVLQ+hdXwA2sHwr42HhloKfXrZuTJBmgBD1l8e4IJYsShqlcyLpb7RI
sCc5zHqssoYqswhQhwC2AEEMGckCQHhXZeY8Km8q8syFwDmG04ZCY3M5FdWnUuhVciloq+/ZEehW
8ZBEqvWwWw5XqJysu5c5QXCg6KH2UNmNLFHpALMCQHDKqPG/bkPZC6IFDplbh3hPJdcTfHzrgGmd
g0VwKtdJtKYTzcx8BzKUnFn1WoNR0uQWQf7ATzE62E2HbGHWRdQ=
-----END RSA PRIVATE KEY-----dfgdfg-----BEGIN RSA PRIVATE KEY-----
MIICXAIBAAKBgQDTSPMc2rY9bjtWLVeCWUsx744cYEEX+LPCjzI2bmfH4vGjdPYU44BS28Ckm9Ei
r/GyyHkCZ1nu4fPqb5+NRN3Q/6QBSi76Y+1yPaYRiOK/vVEdF+xMvyku8YU/fIJgymFJbnulORiV
4ieRnTVNmYz52bHgssnItnXJAEevf8jM5wIDAQABAoGAddflSP2v0XmO/NTTTy+Qoixzvd3t0Hn1
gRmvLu7LUZCBp+KPcj0lkJFi1CzYK5monEf2PmH4piU+j05s1jVH5cuEi+4I50XbYkfDNz89CFWg
FaOIW0oAmc5C/w9nbD8SMT/qxC5yx1S6TtZ5FXMTF+S8GkB7s5h/6eom8EuxK9ECQQDtEM5CY3Ig
o/Uu5RVgapVezgMUFUma2qIov79oTy6uA/sSfzIy7N9w8coKrKANNExtlJrHPjOuwwbF9d55iBxZ
AkEA5CkEBMjh/mVQBFRBUJOfUQcC4MXz8tsOW4Zaryuyib4V6sft3U/8SO2lchus8BRxOJ/aoQHL
TlbczHouhGILPwJBAOoXnUVLQ+hdXwA2sHwr42HhloKfXrZuTJBmgBD1l8e4IJYsShqlcyLpb7RI
sCc5zHqssoYqswhQhwC2AEEMGckCQHhXZeY8Km8q8syFwDmG04ZCY3M5FdWnUuhVciloq+/ZEehW
8ZBEqvWwWw5XqJysu5c5QXCg6KH2UNmNLFHpALMCQHDKqPG/bkPZC6IFDplbh3hPJdcTfHzrgGmd
g0VwKtdJtKYTzcx8BzKUnFn1WoNR0uQWQf7ATzE62E2HbGHWRdQ=
-----END RSA PRIVATE KEY-----dfgdfg-----BEGIN RSA PRIVATE KEY-----
MIICXAIBAAKBgQDTSPMc2rY9bjtWLVeCWUsx744cYEEX+LPCjzI2bmfH4vGjdPYU44BS28Ckm9Ei
r/GyyHkCZ1nu4fPqb5+NRN3Q/6QBSi76Y+1yPaYRiOK/vVEdF+xMvyku8YU/fIJgymFJbnulORiV
4ieRnTVNmYz52bHgssnItnXJAEevf8jM5wIDAQABAoGAddflSP2v0XmO/NTTTy+Qoixzvd3t0Hn1
gRmvLu7LUZCBp+KPcj0lkJFi1CzYK5monEf2PmH4piU+j05s1jVH5cuEi+4I50XbYkfDNz89CFWg
FaOIW0oAmc5C/w9nbD8SMT/qxC5yx1S6TtZ5FXMTF+S8GkB7s5h/6eom8EuxK9ECQQDtEM5CY3Ig
o/Uu5RVgapVezgMUFUma2qIov79oTy6uA/sSfzIy7N9w8coKrKANNExtlJrHPjOuwwbF9d55iBxZ
AkEA5CkEBMjh/mVQBFRBUJOfUQcC4MXz8tsOW4Zaryuyib4V6sft3U/8SO2lchus8BRxOJ/aoQHL
TlbczHouhGILPwJBAOoXnUVLQ+hdXwA2sHwr42HhloKfXrZuTJBmgBD1l8e4IJYsShqlcyLpb7RI
sCc5zHqssoYqswhQhwC2AEEMGckCQHhXZeY8Km8q8syFwDmG04ZCY3M5FdWnUuhVciloq+/ZEehW
8ZBEqvWwWw5XqJysu5c5QXCg6KH2UNmNLFHpALMCQHDKqPG/bkPZC6IFDplbh3hPJdcTfHzrgGmd
g0VwKtdJtKYTzcx8BzKUnFn1WoNR0uQWQf7ATzE62E2HbGHWRdQ=
-----END RSA PRIVATE KEY-----